<?xml version="1.0" encoding="UTF-8"?>
<testsuite xmlns:xsi="http://www.w3.org/2001/XMLSchema-instance" xsi:noNamespaceSchemaLocation="https://maven.apache.org/surefire/maven-surefire-plugin/xsd/surefire-test-report-3.0.xsd" version="3.0" name="com.skillstorm.CalculatorTest" time="0.079" tests="8" errors="0" skipped="0" failures="1">
  <properties>
[...]
</properties>
  <testcase name="divideByInteger" classname="com.skillstorm.CalculatorTest" time="0">
    <system-out><![CDATA[Running - BeforeClass
Running - Before
Divide By Integer Test
Running - After
]]></system-out>
  </testcase>
  <testcase name="additionEdgeCases" classname="com.skillstorm.CalculatorTest" time="0.003">
    <system-out><![CDATA[Running - Before
Addition Edge Cases Test
Running - After
]]></system-out>
  </testcase>
  <testcase name="numeratorAsOne" classname="com.skillstorm.CalculatorTest" time="0.007">
    <system-out><![CDATA[Running - Before
Running - After
]]></system-out>
  </testcase>
  <testcase name="randomValues" classname="com.skillstorm.CalculatorTest" time="0.005">
    <failure message="One of the responses (11) was outside the boundaries!" type="java.lang.AssertionError"><![CDATA[java.lang.AssertionError: One of the responses (11) was outside the boundaries!
	at org.junit.Assert.fail(Assert.java:89)
	at org.junit.Assert.assertTrue(Assert.java:42)
	at com.skillstorm.CalculatorTest.randomValues(CalculatorTest.java:171)
	at sun.reflect.NativeMethodAccessorImpl.invoke0(Native Method)
	at sun.reflect.NativeMethodAccessorImpl.invoke(NativeMethodAccessorImpl.java:62)
	at sun.reflect.DelegatingMethodAccessorImpl.invoke(DelegatingMethodAccessorImpl.java:43)
	at java.lang.reflect.Method.invoke(Method.java:498)
	at org.junit.runners.model.FrameworkMethod$1.runReflectiveCall(FrameworkMethod.java:59)
	at org.junit.internal.runners.model.ReflectiveCallable.run(ReflectiveCallable.java:12)
	at org.junit.runners.model.FrameworkMethod.invokeExplosively(FrameworkMethod.java:56)
	at org.junit.internal.runners.statements.InvokeMethod.evaluate(InvokeMethod.java:17)
	at org.junit.internal.runners.statements.RunBefores.evaluate(RunBefores.java:26)
	at org.junit.internal.runners.statements.RunAfters.evaluate(RunAfters.java:27)
	at org.junit.runners.ParentRunner$3.evaluate(ParentRunner.java:306)
	at org.junit.runners.BlockJUnit4ClassRunner$1.evaluate(BlockJUnit4ClassRunner.java:100)
	at org.junit.runners.ParentRunner.runLeaf(ParentRunner.java:366)
	at org.junit.runners.BlockJUnit4ClassRunner.runChild(BlockJUnit4ClassRunner.java:103)
	at org.junit.runners.BlockJUnit4ClassRunner.runChild(BlockJUnit4ClassRunner.java:63)
	at org.junit.runners.ParentRunner$4.run(ParentRunner.java:331)
	at org.junit.runners.ParentRunner$1.schedule(ParentRunner.java:79)
	at org.junit.runners.ParentRunner.runChildren(ParentRunner.java:329)
	at org.junit.runners.ParentRunner.access$100(ParentRunner.java:66)
	at org.junit.runners.ParentRunner$2.evaluate(ParentRunner.java:293)
	at org.junit.internal.runners.statements.RunBefores.evaluate(RunBefores.java:26)
	at org.junit.internal.runners.statements.RunAfters.evaluate(RunAfters.java:27)
	at org.junit.runners.ParentRunner$3.evaluate(ParentRunner.java:306)
	at org.junit.runners.ParentRunner.run(ParentRunner.java:413)
	at org.apache.maven.surefire.junit4.JUnit4Provider.execute(JUnit4Provider.java:316)
	at org.apache.maven.surefire.junit4.JUnit4Provider.executeWithRerun(JUnit4Provider.java:240)
	at org.apache.maven.surefire.junit4.JUnit4Provider.executeTestSet(JUnit4Provider.java:214)
	at org.apache.maven.surefire.junit4.JUnit4Provider.invoke(JUnit4Provider.java:155)
	at org.apache.maven.surefire.booter.ForkedBooter.runSuitesInProcess(ForkedBooter.java:385)
	at org.apache.maven.surefire.booter.ForkedBooter.execute(ForkedBooter.java:162)
	at org.apache.maven.surefire.booter.ForkedBooter.run(ForkedBooter.java:507)
	at org.apache.maven.surefire.booter.ForkedBooter.main(ForkedBooter.java:495)
]]></failure>
    <system-out><![CDATA[Running - Before
One of the responses (11) was outside the boundaries!
Running - After
]]></system-out>
  </testcase>
  <testcase name="additionOverflow" classname="com.skillstorm.CalculatorTest" time="0.002">
    <system-out><![CDATA[Running - Before
Addition Overflow Test
Running - After
]]></system-out>
  </testcase>
  <testcase name="additionEdgeCase" classname="com.skillstorm.CalculatorTest" time="0.003">
    <system-out><![CDATA[Running - Before
Addition Edge Case Test
Running - After
]]></system-out>
  </testcase>
  <testcase name="basicAddition" classname="com.skillstorm.CalculatorTest" time="0.003">
    <system-out><![CDATA[Running - Before
Basic Addition Test
Running - After
]]></system-out>
  </testcase>
  <testcase name="divideByZero" classname="com.skillstorm.CalculatorTest" time="0.001">
    <system-out><![CDATA[Running - Before
Divide By Zero Test
Running - After
]]></system-out>
  </testcase>
</testsuite>